<?xml version="1.0" encoding="UTF-8"?>
<!-- Generated by org.testng.reporters.JUnitReportReporter -->
<testsuite hostname="DESKTOP-8CQ8OAK" failures="0" tests="1" name="newp.TestNGfpkt" time="16.952" errors="0" timestamp="2022-09-18T00:33:54 BRT" skipped="0">
  <testcase classname="newp.TestNGfpkt" name="loginflipkart" time="16.952"/>
  <system-out/>
</testsuite> <!-- newp.TestNGfpkt -->
