<?xml version="1.0" encoding="UTF-8"?>
<!-- Generated by org.testng.reporters.JUnitReportReporter -->
<testsuite hostname="DESKTOP-8CQ8OAK" failures="0" tests="2" name="newp.TestNgfbDemo" time="18.335" errors="0" timestamp="2022-09-18T00:33:54 BRT" skipped="0">
  <testcase classname="newp.TestNgfbDemo" name="verifyHelpCenterButton" time="7.212"/>
  <system-out/>
  <testcase classname="newp.TestNgfbDemo" name="verifyBackToMessengerButton" time="11.123"/>
  <system-out/>
</testsuite> <!-- newp.TestNgfbDemo -->
